<?xml version="1.0" encoding="UTF-8"?>
<testsuite xmlns:xsi="http://www.w3.org/2001/XMLSchema-instance" xsi:noNamespaceSchemaLocation="https://maven.apache.org/surefire/maven-surefire-plugin/xsd/surefire-test-report-3.0.xsd" version="3.0" name="com.decathlon.input.CSVInputServiceTest" time="1" tests="6" errors="0" skipped="0" failures="0">
  <properties>
[...]
</properties>
  <testcase name="readInput_emptyLines" classname="com.decathlon.input.CSVInputServiceTest" time="0.938"/>
  <testcase name="timeToSeconds" classname="com.decathlon.input.CSVInputServiceTest" time="0.015"/>
  <testcase name="mapLineToAthlete_validInput" classname="com.decathlon.input.CSVInputServiceTest" time="0"/>
  <testcase name="readInput_singleRecord" classname="com.decathlon.input.CSVInputServiceTest" time="0.016"/>
  <testcase name="mapLineToAthlete_invalidInput" classname="com.decathlon.input.CSVInputServiceTest" time="0"/>
  <testcase name="readInput_multipleLines" classname="com.decathlon.input.CSVInputServiceTest" time="0"/>
</testsuite>